<?xml version="1.0" encoding="UTF-8"?>
<!-- Generated by org.testng.reporters.JUnitReportReporter -->
<testsuite hostname="DESKTOP-D0ODKLV" failures="0" tests="1" name="APIPack.GET_REQUEST2" time="3.841" errors="0" timestamp="2020-02-01T14:14:44 IST" skipped="0">
  <testcase classname="APIPack.GET_REQUEST2" name="getWeatherDetails" time="3.841"/>
</testsuite> <!-- APIPack.GET_REQUEST2 -->
