<?xml version="1.0" encoding="UTF-8"?>
<!-- Generated by org.testng.reporters.JUnitReportReporter -->
<testsuite hostname="DESKTOP-D0ODKLV" failures="0" tests="4" name="DataDriven.AddEmployee" time="11.151" errors="0" timestamp="2020-02-04T13:06:46 IST" skipped="0">
  <testcase classname="DataDriven.AddEmployee" name="postNewEmployee" time="1.223"/>
  <testcase classname="DataDriven.AddEmployee" name="postNewEmployee" time="3.823"/>
  <testcase classname="DataDriven.AddEmployee" name="postNewEmployee" time="4.872"/>
  <testcase classname="DataDriven.AddEmployee" name="postNewEmployee" time="1.233"/>
</testsuite> <!-- DataDriven.AddEmployee -->
