<?xml version="1.0" encoding="UTF-8"?>
<!-- Generated by org.testng.reporters.JUnitReportReporter -->
<testsuite hostname="DESKTOP-D0ODKLV" failures="0" tests="1" name="APIPack.GET_REQUEST3" time="2.982" errors="0" timestamp="2020-02-01T15:25:36 IST" skipped="0">
  <testcase classname="APIPack.GET_REQUEST3" name="getWeatherDetails" time="2.982"/>
</testsuite> <!-- APIPack.GET_REQUEST3 -->
