<?xml version="1.0" encoding="UTF-8"?>
<!-- Generated by org.testng.reporters.JUnitReportReporter -->
<testsuite hostname="DESKTOP-D0ODKLV" failures="0" tests="1" name="APIPack.POST_REQUEST" time="4.779" errors="0" timestamp="2020-02-10T15:01:48 IST" skipped="0">
  <testcase classname="APIPack.POST_REQUEST" name="registerCustomer" time="4.779"/>
</testsuite> <!-- APIPack.POST_REQUEST -->
