<?xml version="1.0" encoding="UTF-8"?>
<!-- Generated by org.testng.reporters.JUnitReportReporter -->
<testsuite hostname="DESKTOP-D0ODKLV" failures="0" tests="1" name="APIPack.GET_REQUEST" time="5.261" errors="0" timestamp="2020-02-01T13:42:57 IST" skipped="0">
  <testcase classname="APIPack.GET_REQUEST" name="getweatherDetails" time="5.261"/>
</testsuite> <!-- APIPack.GET_REQUEST -->
