<?xml version="1.0" encoding="UTF-8"?>
<!-- Generated by org.testng.reporters.JUnitReportReporter -->
<testsuite hostname="DESKTOP-D0ODKLV" failures="0" tests="1" name="APIPack.GET_PrintHeader" time="3.601" errors="0" timestamp="2020-02-03T14:48:38 IST" skipped="0">
  <testcase classname="APIPack.GET_PrintHeader" name="GetWeatherDetails" time="3.601"/>
</testsuite> <!-- APIPack.GET_PrintHeader -->
