<?xml version="1.0" encoding="UTF-8"?>
<!-- Generated by org.testng.reporters.JUnitReportReporter -->
<testsuite hostname="DESKTOP-D0ODKLV" failures="0" tests="1" name="APIPack.GET_ExtractNodesJSON" time="3.694" errors="0" timestamp="2020-02-03T15:22:31 IST" skipped="0">
  <testcase classname="APIPack.GET_ExtractNodesJSON" name="GetWeatherDetails" time="3.694"/>
</testsuite> <!-- APIPack.GET_ExtractNodesJSON -->
